0 info it worked if it ends with ok
1 verbose cli [ 'node',
1 verbose cli   'C:\\Users\\lsw\\AppData\\Roaming\\npm\\node_modules\\cnpm\\node_modules\\npm\\bin\\npm-cli.js',
1 verbose cli   '--userconfig=C:\\Users\\lsw\\.cnpmrc',
1 verbose cli   '--disturl=https://npm.taobao.org/mirrors/node',
1 verbose cli   '--cache=C:\\Users\\lsw\\.cnpm',
1 verbose cli   '--registry=https://registry.npm.taobao.org',
1 verbose cli   '--node-gyp=C:\\Users\\lsw\\AppData\\Roaming\\npm\\node_modules\\cnpm\\node_modules\\pangyp\\bin\\node-gyp.js',
1 verbose cli   'install',
1 verbose cli   'electron-prebuilt',
1 verbose cli   '-g' ]
2 info using npm@2.13.2
3 info using node@v0.10.31
4 verbose install initial load of C:\Program Files\nodejs\package.json
5 verbose readDependencies loading dependencies from C:\Program Files\nodejs\package.json
6 silly cache add args [ 'electron-prebuilt', null ]
7 verbose cache add spec electron-prebuilt
8 silly cache add parsed spec { raw: 'electron-prebuilt',
8 silly cache add   scope: null,
8 silly cache add   name: 'electron-prebuilt',
8 silly cache add   rawSpec: '',
8 silly cache add   spec: '*',
8 silly cache add   type: 'range' }
9 silly addNamed electron-prebuilt@*
10 verbose addNamed "*" is a valid semver range for electron-prebuilt
11 silly addNameRange { name: 'electron-prebuilt', range: '*', hasData: false }
12 silly mapToRegistry name electron-prebuilt
13 silly mapToRegistry using default registry
14 silly mapToRegistry registry https://registry.npm.taobao.org/
15 silly mapToRegistry uri https://registry.npm.taobao.org/electron-prebuilt
16 verbose addNameRange registry:https://registry.npm.taobao.org/electron-prebuilt not in flight; fetching
17 verbose request uri https://registry.npm.taobao.org/electron-prebuilt
18 verbose request no auth needed
19 info attempt registry request try #1 at 10:13:19
20 verbose request id fd8dbac3aec7e469
21 http request GET https://registry.npm.taobao.org/electron-prebuilt
22 http 200 https://registry.npm.taobao.org/electron-prebuilt
23 silly get cb [ 200,
23 silly get   { server: 'nginx/1.1.19',
23 silly get     date: 'Sat, 08 Aug 2015 02:13:21 GMT',
23 silly get     'content-type': 'application/json; charset=utf-8',
23 silly get     'transfer-encoding': 'chunked',
23 silly get     connection: 'keep-alive',
23 silly get     etag: '"1438968901000"',
23 silly get     'x-readtime': '130',
23 silly get     'content-encoding': 'gzip' } ]
24 verbose get saving electron-prebuilt to C:\Users\lsw\.cnpm\registry.npm.taobao.org\electron-prebuilt\.cache.json
25 silly addNameRange number 2 { name: 'electron-prebuilt', range: '*', hasData: true }
26 silly addNameRange versions [ 'electron-prebuilt',
26 silly addNameRange   [ '0.30.3',
26 silly addNameRange     '0.30.2',
26 silly addNameRange     '0.30.1',
26 silly addNameRange     '0.30.0',
26 silly addNameRange     '0.29.2',
26 silly addNameRange     '0.29.1',
26 silly addNameRange     '0.29.0',
26 silly addNameRange     '0.28.3',
26 silly addNameRange     '0.28.2',
26 silly addNameRange     '0.28.1',
26 silly addNameRange     '0.28.0',
26 silly addNameRange     '0.27.3',
26 silly addNameRange     '0.27.2',
26 silly addNameRange     '0.27.1',
26 silly addNameRange     '0.27.0',
26 silly addNameRange     '0.26.1',
26 silly addNameRange     '0.26.0',
26 silly addNameRange     '0.25.3-2',
26 silly addNameRange     '0.25.3-1',
26 silly addNameRange     '0.25.3',
26 silly addNameRange     '0.25.2-1',
26 silly addNameRange     '0.25.2',
26 silly addNameRange     '0.25.1-1',
26 silly addNameRange     '0.25.1',
26 silly addNameRange     '0.25.0',
26 silly addNameRange     '0.24.0' ] ]
27 silly addNamed electron-prebuilt@0.30.3
28 verbose addNamed "0.30.3" is a plain semver version for electron-prebuilt
29 silly mapToRegistry name electron-prebuilt
30 silly mapToRegistry using default registry
31 silly mapToRegistry registry https://registry.npm.taobao.org/
32 silly mapToRegistry uri https://registry.npm.taobao.org/electron-prebuilt
33 verbose addRemoteTarball https://registry.npm.taobao.org/electron-prebuilt/download/electron-prebuilt-0.30.3.tgz not in flight; adding
34 verbose addRemoteTarball [ 'https://registry.npm.taobao.org/electron-prebuilt/download/electron-prebuilt-0.30.3.tgz',
34 verbose addRemoteTarball   '914912ab3412514d690fa0f41c60249b9ccd0849' ]
35 info retry fetch attempt 1 at 10:13:20
36 info attempt registry request try #1 at 10:13:20
37 http fetch GET https://registry.npm.taobao.org/electron-prebuilt/download/electron-prebuilt-0.30.3.tgz
38 http fetch 200 https://registry.npm.taobao.org/electron-prebuilt/download/electron-prebuilt-0.30.3.tgz
39 silly fetchAndShaCheck shasum 914912ab3412514d690fa0f41c60249b9ccd0849
40 verbose addTmpTarball C:\Users\lsw\AppData\Local\Temp\npm-6560-02006409\registry.npm.taobao.org\electron-prebuilt\download\electron-prebuilt-0.30.3.tgz not in flight; adding
41 verbose addTmpTarball already have metadata; skipping unpack for electron-prebuilt@0.30.3
42 silly cache afterAdd electron-prebuilt@0.30.3
43 verbose afterAdd C:\Users\lsw\.cnpm\electron-prebuilt\0.30.3\package\package.json not in flight; writing
44 verbose afterAdd C:\Users\lsw\.cnpm\electron-prebuilt\0.30.3\package\package.json written
45 silly install resolved [ { name: 'electron-prebuilt',
45 silly install resolved     version: '0.30.3',
45 silly install resolved     description: 'Install electron (formerly called atom-shell) prebuilts using npm',
45 silly install resolved     repository:
45 silly install resolved      { type: 'git',
45 silly install resolved        url: 'git+https://github.com/mafintosh/electron-prebuilt.git' },
45 silly install resolved     scripts:
45 silly install resolved      { 'cache-clean': 'rm -rf ~/.electron && rm -rf dist',
45 silly install resolved        postinstall: 'node install.js',
45 silly install resolved        pretest: 'npm run cache-clean && node install.js',
45 silly install resolved        test: 'tape test/*.js' },
45 silly install resolved     bin: { electron: 'cli.js' },
45 silly install resolved     main: 'index.js',
45 silly install resolved     dependencies: { 'extract-zip': '^1.0.3', 'electron-download': '^1.0.0' },
45 silly install resolved     devDependencies:
45 silly install resolved      { 'home-path': '^0.1.1',
45 silly install resolved        'path-exists': '^1.0.0',
45 silly install resolved        tape: '^3.0.1' },
45 silly install resolved     author: { name: 'Mathias Buus' },
45 silly install resolved     license: 'MIT',
45 silly install resolved     bugs: { url: 'https://github.com/mafintosh/electron-prebuilt/issues' },
45 silly install resolved     homepage: 'https://github.com/mafintosh/electron-prebuilt',
45 silly install resolved     _id: 'electron-prebuilt@0.30.3',
45 silly install resolved     _shasum: '914912ab3412514d690fa0f41c60249b9ccd0849',
45 silly install resolved     _resolved: 'https://registry.npm.taobao.org/electron-prebuilt/download/electron-prebuilt-0.30.3.tgz',
45 silly install resolved     _from: 'electron-prebuilt@*',
45 silly install resolved     _npmVersion: '2.11.2',
45 silly install resolved     _nodeVersion: '2.2.1',
45 silly install resolved     _npmUser: { name: 'maxogden', email: 'max@maxogden.com' },
45 silly install resolved     maintainers: [ [Object], [Object], [Object], [Object] ],
45 silly install resolved     dist:
45 silly install resolved      { shasum: '914912ab3412514d690fa0f41c60249b9ccd0849',
45 silly install resolved        size: 2828,
45 silly install resolved        noattachment: false,
45 silly install resolved        tarball: 'http://registry.npm.taobao.org/electron-prebuilt/download/electron-prebuilt-0.30.3.tgz' },
45 silly install resolved     directories: {},
45 silly install resolved     publish_time: 1438958890852,
45 silly install resolved     _cnpm_publish_time: 1438958890852 } ]
46 info install electron-prebuilt@0.30.3 into C:\Program Files\nodejs
47 info installOne electron-prebuilt@0.30.3
48 verbose installOne of electron-prebuilt to C:\Program Files\nodejs not in flight; installing
49 verbose lock using C:\Users\lsw\.cnpm\_locks\electron-prebuilt-082f7dd97b0e81af.lock for C:\Program Files\nodejs\node_modules\electron-prebuilt
50 silly install write writing electron-prebuilt 0.30.3 to C:\Program Files\nodejs\node_modules\electron-prebuilt
51 verbose unbuild node_modules\electron-prebuilt
52 silly gentlyRm C:\Program Files\nodejs\node_modules\electron-prebuilt is being purged from base C:\Program Files\nodejs
53 verbose gentlyRm don't care about contents; nuking C:\Program Files\nodejs\node_modules\electron-prebuilt
54 verbose tar unpack C:\Users\lsw\.cnpm\electron-prebuilt\0.30.3\package.tgz
55 verbose tar unpacking to C:\Program Files\nodejs\node_modules\electron-prebuilt
56 silly gentlyRm C:\Program Files\nodejs\node_modules\electron-prebuilt is being purged
57 verbose gentlyRm don't care about contents; nuking C:\Program Files\nodejs\node_modules\electron-prebuilt
58 silly gunzTarPerm modes [ '777', '666' ]
59 error tar.unpack untar error C:\Users\lsw\.cnpm\electron-prebuilt\0.30.3\package.tgz
60 verbose unlock done using C:\Users\lsw\.cnpm\_locks\electron-prebuilt-082f7dd97b0e81af.lock for C:\Program Files\nodejs\node_modules\electron-prebuilt
61 verbose fstream_path C:\Program Files\nodejs\node_modules\electron-prebuilt
62 verbose fstream_type Directory
63 verbose fstream_class DirWriter
64 verbose stack Error: EPERM, mkdir 'C:\Program Files\nodejs\node_modules\electron-prebuilt'
65 verbose fstream_stack C:\Users\lsw\AppData\Roaming\npm\node_modules\cnpm\node_modules\npm\node_modules\fstream\lib\dir-writer.js:35:25
65 verbose fstream_stack C:\Users\lsw\AppData\Roaming\npm\node_modules\cnpm\node_modules\npm\node_modules\mkdirp\index.js:47:53
65 verbose fstream_stack Object.oncomplete (fs.js:107:15)
66 verbose cwd E:\server\learning
67 error Windows_NT 6.2.9200
68 error argv "node" "C:\\Users\\lsw\\AppData\\Roaming\\npm\\node_modules\\cnpm\\node_modules\\npm\\bin\\npm-cli.js" "--userconfig=C:\\Users\\lsw\\.cnpmrc" "--disturl=https://npm.taobao.org/mirrors/node" "--cache=C:\\Users\\lsw\\.cnpm" "--registry=https://registry.npm.taobao.org" "--node-gyp=C:\\Users\\lsw\\AppData\\Roaming\\npm\\node_modules\\cnpm\\node_modules\\pangyp\\bin\\node-gyp.js" "install" "electron-prebuilt" "-g"
69 error node v0.10.31
70 error npm  v2.13.2
71 error path C:\Program Files\nodejs\node_modules\electron-prebuilt
72 error code EPERM
73 error errno 50
74 error Error: EPERM, mkdir 'C:\Program Files\nodejs\node_modules\electron-prebuilt'
74 error  { [Error: EPERM, mkdir 'C:\Program Files\nodejs\node_modules\electron-prebuilt']
74 error   errno: 50,
74 error   code: 'EPERM',
74 error   path: 'C:\\Program Files\\nodejs\\node_modules\\electron-prebuilt',
74 error   fstream_type: 'Directory',
74 error   fstream_path: 'C:\\Program Files\\nodejs\\node_modules\\electron-prebuilt',
74 error   fstream_class: 'DirWriter',
74 error   fstream_stack:
74 error    [ 'C:\\Users\\lsw\\AppData\\Roaming\\npm\\node_modules\\cnpm\\node_modules\\npm\\node_modules\\fstream\\lib\\dir-writer.js:35:25',
74 error      'C:\\Users\\lsw\\AppData\\Roaming\\npm\\node_modules\\cnpm\\node_modules\\npm\\node_modules\\mkdirp\\index.js:47:53',
74 error      'Object.oncomplete (fs.js:107:15)' ] }
75 error Please try running this command again as root/Administrator.
76 verbose exit [ 50, true ]
77 verbose unbuild node_modules\electron-prebuilt
78 silly gentlyRm C:\Program Files\nodejs\node_modules\electron-prebuilt is being purged from base C:\Program Files\nodejs
79 verbose gentlyRm don't care about contents; nuking C:\Program Files\nodejs\node_modules\electron-prebuilt
